100 :  0.10797
200 :  0.078159
300 :  0.0655585
400 :  0.0652654
500 :  0.0328199
600 :  0.0376454
700 :  0.0426533
800 :  0.022225
900 :  0.030182
1000 :  0.0407633
1100 :  0.00857821
1200 :  0.0372174
1300 :  0.0142067
1400 :  0.0209185
1500 :  0.0192569
1600 :  0.00498399
1700 :  0.0196031
1800 :  0.00819125
1900 :  0.00640956
2000 :  0.0146822
2100 :  0.0120115
2200 :  0.0132617
2300 :  0.00301197
2400 :  0.014869
2500 :  0.00364585
2600 :  0.000676768
2700 :  0.00378201
2800 :  0.00806654
2900 :  0.0140225
3000 :  0.00226833
3100 :  0.00167725
3200 :  0.00180089
3300 :  0.00390612
3400 :  0.00917618
3500 :  0.000818597
3600 :  0.00269533
3700 :  0.00238693
3800 :  0.00596024
3900 :  0.00340227
4000 :  0.00106448
4100 :  0.00305276
4200 :  0.00402413
4300 :  0.00619539
4400 :  0.00593573
4500 :  0.00341847
4600 :  0.000474548
4700 :  9.77966e-05
4800 :  0.0025522
4900 :  0.00152028
5000 :  0.000323469
5100 :  0.00373755
5200 :  0.0142157
5300 :  0.0012827
5400 :  0.00228617
5500 :  0.00053357
5600 :  0.0014172
5700 :  0.00253274
5800 :  0.00755117
5900 :  0.00209428
6000 :  0.00159528
6100 :  0.000123742
6200 :  0.000584624
6300 :  0.0040879
6400 :  0.000462621
6500 :  0.000131252
6600 :  0.000258988
6700 :  0.000130262
6800 :  0.000336081
6900 :  0.000591936
7000 :  0.000434569
7100 :  0.00381338
7200 :  0.000780349
7300 :  0.000118972
7400 :  0.00019496
7500 :  8.28192e-05
7600 :  0.0024927
7700 :  0.000702818
7800 :  0.00325206
7900 :  0.00210124
8000 :  0.000570688
8100 :  4.38982e-05
8200 :  0.00035995
8300 :  0.00259544
8400 :  0.00467948
8500 :  3.41307e-05
8600 :  0.000104083
8700 :  0.00443949
8800 :  2.75989e-05
8900 :  8.70532e-06
9000 :  0.000213114
9100 :  4.04561e-05
9200 :  5.67765e-05
9300 :  0.00101051
9400 :  0.000126074
9500 :  2.56139e-05
9600 :  7.84876e-05
9700 :  0.00744916
9800 :  1.65503e-05
9900 :  1.64569e-05
10000 :  5.82533e-05
